2019-08-03 10:26:27.650  INFO [fallback-dashboard,,,] 17936 --- [restartedMain] c.dashboard.HystrixDashboardApplication  : No active profile set, falling back to default profiles: default
2019-08-03 10:26:28.614  WARN [fallback-dashboard,,,] 17936 --- [restartedMain] o.s.boot.actuate.endpoint.EndpointId     : Endpoint ID 'service-registry' contains invalid characters, please migrate to a valid format.
2019-08-03 10:26:28.894  INFO [fallback-dashboard,,,] 17936 --- [restartedMain] o.s.cloud.context.scope.GenericScope     : BeanFactory id=c68d1b31-2306-3b20-a33f-4839689033f9
2019-08-03 10:26:29.109  INFO [fallback-dashboard,,,] 17936 --- [restartedMain] trationDelegate$BeanPostProcessorChecker : Bean 'org.springframework.cloud.autoconfigure.ConfigurationPropertiesRebinderAutoConfiguration' of type [org.springframework.cloud.autoconfigure.ConfigurationPropertiesRebinderAutoConfiguration$$EnhancerBySpringCGLIB$$47ea3331] is not eligible for getting processed by all BeanPostProcessors (for example: not eligible for auto-proxying)
2019-08-03 10:26:29.189 ERROR [fallback-dashboard,,,] 17936 --- [restartedMain] o.a.catalina.core.AprLifecycleListener   : An incompatible version [1.2.12] of the APR based Apache Tomcat Native library is installed, while Tomcat requires version [1.2.14]
2019-08-03 10:26:29.464 ERROR [fallback-dashboard,,,] 17936 --- [restartedMain] o.a.catalina.core.AprLifecycleListener   : An incompatible version [1.2.12] of the APR based Apache Tomcat Native library is installed, while Tomcat requires version [1.2.14]
2019-08-03 10:26:29.982  INFO [fallback-dashboard,,,] 17936 --- [restartedMain] o.s.b.w.embedded.tomcat.TomcatWebServer  : Tomcat initialized with port(s): 5555 (http)
2019-08-03 10:26:30.013 ERROR [fallback-dashboard,,,] 17936 --- [restartedMain] o.a.catalina.core.AprLifecycleListener   : An incompatible version [1.2.12] of the APR based Apache Tomcat Native library is installed, while Tomcat requires version [1.2.14]
2019-08-03 10:26:30.028  INFO [fallback-dashboard,,,] 17936 --- [restartedMain] o.apache.catalina.core.StandardService   : Starting service [Tomcat]
2019-08-03 10:26:30.029  INFO [fallback-dashboard,,,] 17936 --- [restartedMain] org.apache.catalina.core.StandardEngine  : Starting Servlet engine: [Apache Tomcat/9.0.21]
2019-08-03 10:26:30.232  INFO [fallback-dashboard,,,] 17936 --- [restartedMain] o.a.c.c.C.[Tomcat].[localhost].[/]       : Initializing Spring embedded WebApplicationContext
2019-08-03 10:26:30.232 DEBUG [fallback-dashboard,,,] 17936 --- [restartedMain] o.s.web.context.ContextLoader            : Published root WebApplicationContext as ServletContext attribute with name [org.springframework.web.context.WebApplicationContext.ROOT]
2019-08-03 10:26:30.232  INFO [fallback-dashboard,,,] 17936 --- [restartedMain] o.s.web.context.ContextLoader            : Root WebApplicationContext: initialization completed in 2562 ms
2019-08-03 10:26:30.391  WARN [fallback-dashboard,,,] 17936 --- [restartedMain] c.n.c.sources.URLConfigurationSource     : No URLs will be polled as dynamic configuration sources.
2019-08-03 10:26:30.391  INFO [fallback-dashboard,,,] 17936 --- [restartedMain] c.n.c.sources.URLConfigurationSource     : To enable URLs as dynamic configuration sources, define System property archaius.configurationSource.additionalUrls or make config.properties available on classpath.
2019-08-03 10:26:30.404  INFO [fallback-dashboard,,,] 17936 --- [restartedMain] c.netflix.config.DynamicPropertyFactory  : DynamicPropertyFactory is initialized with configuration sources: com.netflix.config.ConcurrentCompositeConfiguration@3cf71412
2019-08-03 10:26:31.428 DEBUG [fallback-dashboard,,,] 17936 --- [restartedMain] o.s.w.s.v.f.FreeMarkerConfigurer         : File system access not preferred: using SpringTemplateLoader
2019-08-03 10:26:31.511  WARN [fallback-dashboard,,,] 17936 --- [restartedMain] c.n.c.sources.URLConfigurationSource     : No URLs will be polled as dynamic configuration sources.
2019-08-03 10:26:31.511  INFO [fallback-dashboard,,,] 17936 --- [restartedMain] c.n.c.sources.URLConfigurationSource     : To enable URLs as dynamic configuration sources, define System property archaius.configurationSource.additionalUrls or make config.properties available on classpath.
2019-08-03 10:26:31.613 DEBUG [fallback-dashboard,,,] 17936 --- [restartedMain] o.s.w.s.handler.SimpleUrlHandlerMapping  : Patterns [/**/favicon.ico] in 'faviconHandlerMapping'
2019-08-03 10:26:31.845  INFO [fallback-dashboard,,,] 17936 --- [restartedMain] o.s.s.concurrent.ThreadPoolTaskExecutor  : Initializing ExecutorService 'applicationTaskExecutor'
2019-08-03 10:26:31.870 DEBUG [fallback-dashboard,,,] 17936 --- [restartedMain] s.w.s.m.m.a.RequestMappingHandlerAdapter : ControllerAdvice beans: 0 @ModelAttribute, 0 @InitBinder, 1 RequestBodyAdvice, 1 ResponseBodyAdvice
2019-08-03 10:26:31.916 DEBUG [fallback-dashboard,,,] 17936 --- [restartedMain] s.w.s.m.m.a.RequestMappingHandlerMapping : 5 mappings in 'requestMappingHandlerMapping'
2019-08-03 10:26:31.941 DEBUG [fallback-dashboard,,,] 17936 --- [restartedMain] o.s.w.s.handler.SimpleUrlHandlerMapping  : Patterns [/webjars/**, /**] in 'resourceHandlerMapping'
2019-08-03 10:26:31.954 DEBUG [fallback-dashboard,,,] 17936 --- [restartedMain] .m.m.a.ExceptionHandlerExceptionResolver : ControllerAdvice beans: 0 @ExceptionHandler, 1 ResponseBodyAdvice
2019-08-03 10:26:32.282  WARN [fallback-dashboard,,,] 17936 --- [restartedMain] o.s.b.d.a.OptionalLiveReloadServer       : Unable to start LiveReload server
2019-08-03 10:26:32.767  INFO [fallback-dashboard,,,] 17936 --- [restartedMain] o.s.b.a.e.web.EndpointLinksResolver      : Exposing 20 endpoint(s) beneath base path '/actuator'
2019-08-03 10:26:32.975  INFO [fallback-dashboard,,,] 17936 --- [restartedMain] o.s.c.n.turbine.SpringAggregatorFactory  : Could not find monitors: []
2019-08-03 10:26:36.189  INFO [fallback-dashboard,,,] 17936 --- [restartedMain] c.n.t.monitor.cluster.ClusterMonitor     : Registering event handler for cluster monitor: StaticListener_For_Aggregator
2019-08-03 10:26:36.238  INFO [fallback-dashboard,,,] 17936 --- [restartedMain] c.n.t.handler.TurbineDataDispatcher      : 

Just added and starting handler tuple: StaticListener_For_Aggregator
2019-08-03 10:26:36.239  INFO [fallback-dashboard,,,] 17936 --- [restartedMain] c.n.t.monitor.cluster.ClusterMonitor     : All event handlers for cluster monitor: [StaticListener_For_Aggregator]
2019-08-03 10:26:36.240  INFO [fallback-dashboard,,,] 17936 --- [restartedMain] c.n.t.monitor.cluster.ClusterMonitor     : Starting up the cluster monitor for default_agg
2019-08-03 10:26:36.259  INFO [fallback-dashboard,,,] 17936 --- [restartedMain] c.n.t.discovery.InstanceObservable       : Starting InstanceObservable at frequency: 60000 millis
2019-08-03 10:26:36.260  INFO [fallback-dashboard,,,] 17936 --- [Timer-0] o.s.c.n.t.CommonsInstanceDiscovery       : Fetching instance list for apps: [API, MODULE-USER]
2019-08-03 10:26:36.261  INFO [fallback-dashboard,,,] 17936 --- [Timer-0] o.s.c.n.turbine.EurekaInstanceDiscovery  : Fetching instances for app: API
2019-08-03 10:26:36.285  INFO [fallback-dashboard,,,] 17936 --- [Timer-0] o.s.c.n.eureka.InstanceInfoFactory       : Setting initial instance status as: STARTING
2019-08-03 10:26:36.957  INFO [fallback-dashboard,,,] 17936 --- [Timer-0] com.netflix.discovery.DiscoveryClient    : Initializing Eureka in region us-east-1
2019-08-03 10:26:37.208  INFO [fallback-dashboard,,,] 17936 --- [Timer-0] c.n.d.provider.DiscoveryJerseyProvider   : Using JSON encoding codec LegacyJacksonJson
2019-08-03 10:26:37.208  INFO [fallback-dashboard,,,] 17936 --- [Timer-0] c.n.d.provider.DiscoveryJerseyProvider   : Using JSON decoding codec LegacyJacksonJson
2019-08-03 10:26:37.299  INFO [fallback-dashboard,,,] 17936 --- [Timer-0] c.n.d.provider.DiscoveryJerseyProvider   : Using XML encoding codec XStreamXml
2019-08-03 10:26:37.299  INFO [fallback-dashboard,,,] 17936 --- [Timer-0] c.n.d.provider.DiscoveryJerseyProvider   : Using XML decoding codec XStreamXml
2019-08-03 10:26:37.452  INFO [fallback-dashboard,,,] 17936 --- [Timer-0] c.n.d.s.r.aws.ConfigClusterResolver      : Resolving eureka endpoints via configuration
2019-08-03 10:26:37.533  INFO [fallback-dashboard,,,] 17936 --- [Timer-0] com.netflix.discovery.DiscoveryClient    : Disable delta property : false
2019-08-03 10:26:37.533  INFO [fallback-dashboard,,,] 17936 --- [Timer-0] com.netflix.discovery.DiscoveryClient    : Single vip registry refresh property : null
2019-08-03 10:26:37.533  INFO [fallback-dashboard,,,] 17936 --- [Timer-0] com.netflix.discovery.DiscoveryClient    : Force full registry fetch : false
2019-08-03 10:26:37.533  INFO [fallback-dashboard,,,] 17936 --- [Timer-0] com.netflix.discovery.DiscoveryClient    : Application is null : false
2019-08-03 10:26:37.534  INFO [fallback-dashboard,,,] 17936 --- [Timer-0] com.netflix.discovery.DiscoveryClient    : Registered Applications size is zero : true
2019-08-03 10:26:37.534  INFO [fallback-dashboard,,,] 17936 --- [Timer-0] com.netflix.discovery.DiscoveryClient    : Application version is -1: true
2019-08-03 10:26:37.534  INFO [fallback-dashboard,,,] 17936 --- [Timer-0] com.netflix.discovery.DiscoveryClient    : Getting all instance registry info from the eureka server
2019-08-03 10:26:37.651  INFO [fallback-dashboard,,,] 17936 --- [Timer-0] com.netflix.discovery.DiscoveryClient    : The response status is 200
2019-08-03 10:26:37.654  INFO [fallback-dashboard,,,] 17936 --- [Timer-0] com.netflix.discovery.DiscoveryClient    : Starting heartbeat executor: renew interval is: 30
2019-08-03 10:26:37.657  INFO [fallback-dashboard,,,] 17936 --- [Timer-0] c.n.discovery.InstanceInfoReplicator     : InstanceInfoReplicator onDemand update allowed rate per min is 4
2019-08-03 10:26:37.660  INFO [fallback-dashboard,,,] 17936 --- [Timer-0] com.netflix.discovery.DiscoveryClient    : Discovery Client initialized at timestamp 1564799197660 with initial instances count: 5
2019-08-03 10:26:37.669  INFO [fallback-dashboard,,,] 17936 --- [restartedMain] o.s.c.n.e.s.EurekaServiceRegistry        : Registering application FALLBACK-DASHBOARD with eureka with status UP
2019-08-03 10:26:37.670  INFO [fallback-dashboard,,,] 17936 --- [restartedMain] com.netflix.discovery.DiscoveryClient    : Saw local status change event StatusChangeEvent [timestamp=1564799197670, current=UP, previous=STARTING]
2019-08-03 10:26:37.669  INFO [fallback-dashboard,,,] 17936 --- [Timer-0] o.s.c.n.turbine.EurekaInstanceDiscovery  : Received instance list for app: API, size=1
2019-08-03 10:26:37.672  INFO [fallback-dashboard,,,] 17936 --- [DiscoveryClient-InstanceInfoReplicator-0] com.netflix.discovery.DiscoveryClient    : DiscoveryClient_FALLBACK-DASHBOARD/YH-201707005:fallback-dashboard:5555: registering service...
2019-08-03 10:26:37.684  INFO [fallback-dashboard,,,] 17936 --- [Timer-0] o.s.c.n.turbine.EurekaInstanceDiscovery  : Fetching instances for app: MODULE-USER
2019-08-03 10:26:37.684  INFO [fallback-dashboard,,,] 17936 --- [Timer-0] o.s.c.n.turbine.EurekaInstanceDiscovery  : Received instance list for app: MODULE-USER, size=1
2019-08-03 10:26:37.684  INFO [fallback-dashboard,,,] 17936 --- [Timer-0] c.n.t.discovery.InstanceObservable       : Retrieved hosts from InstanceDiscovery: 2
2019-08-03 10:26:37.685  INFO [fallback-dashboard,,,] 17936 --- [Timer-0] c.n.t.discovery.InstanceObservable       : Found hosts that have been previously terminated: 0
2019-08-03 10:26:37.685  INFO [fallback-dashboard,,,] 17936 --- [Timer-0] c.n.t.discovery.InstanceObservable       : Hosts up:2, hosts down: 0
2019-08-03 10:26:37.691  INFO [fallback-dashboard,,,] 17936 --- [Timer-0] c.n.t.monitor.instance.InstanceMonitor   : Url for host: http://YH-201707005:9001/actuator/hystrix.stream default
2019-08-03 10:26:37.694  INFO [fallback-dashboard,,,] 17936 --- [Timer-0] c.n.t.handler.TurbineDataDispatcher      : 

Just added and starting handler tuple: default_agg_aggClusterEventHandler
2019-08-03 10:26:37.695  INFO [fallback-dashboard,,,] 17936 --- [Timer-0] c.n.turbine.data.AggDataFromCluster      : Per handler dispacher started for: default_agg_aggClusterEventHandler
2019-08-03 10:26:37.697  INFO [fallback-dashboard,,,] 17936 --- [Timer-0] c.n.t.monitor.instance.InstanceMonitor   : Url for host: http://YH-201707005:9002/actuator/hystrix.stream default
2019-08-03 10:26:37.798  INFO [fallback-dashboard,,,] 17936 --- [restartedMain] o.s.b.w.embedded.tomcat.TomcatWebServer  : Tomcat started on port(s): 5555 (http) with context path ''
2019-08-03 10:26:37.798  INFO [fallback-dashboard,,,] 17936 --- [restartedMain] .s.c.n.e.s.EurekaAutoServiceRegistration : Updating port to 5555
2019-08-03 10:26:37.800  INFO [fallback-dashboard,,,] 17936 --- [restartedMain] c.dashboard.HystrixDashboardApplication  : Started HystrixDashboardApplication in 12.521 seconds (JVM running for 13.491)
2019-08-03 10:26:37.823  INFO [fallback-dashboard,,,] 17936 --- [DiscoveryClient-InstanceInfoReplicator-0] com.netflix.discovery.DiscoveryClient    : DiscoveryClient_FALLBACK-DASHBOARD/YH-201707005:fallback-dashboard:5555 - registration status: 204
2019-08-03 10:26:38.204  INFO [fallback-dashboard,,,] 17936 --- [RMI TCP Connection(2)-192.168.5.15] o.a.c.c.C.[Tomcat].[localhost].[/]       : Initializing Spring DispatcherServlet 'dispatcherServlet'
2019-08-03 10:26:38.204  INFO [fallback-dashboard,,,] 17936 --- [RMI TCP Connection(2)-192.168.5.15] o.s.web.servlet.DispatcherServlet        : Initializing Servlet 'dispatcherServlet'
2019-08-03 10:26:38.204 DEBUG [fallback-dashboard,,,] 17936 --- [RMI TCP Connection(2)-192.168.5.15] o.s.web.servlet.DispatcherServlet        : Detected StandardServletMultipartResolver
2019-08-03 10:26:38.218 DEBUG [fallback-dashboard,,,] 17936 --- [RMI TCP Connection(2)-192.168.5.15] o.s.web.servlet.DispatcherServlet        : enableLoggingRequestDetails='false': request parameters and headers will be masked to prevent unsafe logging of potentially sensitive data
2019-08-03 10:26:38.218  INFO [fallback-dashboard,,,] 17936 --- [RMI TCP Connection(2)-192.168.5.15] o.s.web.servlet.DispatcherServlet        : Completed initialization in 14 ms
2019-08-03 10:27:36.259  INFO [fallback-dashboard,,,] 17936 --- [Timer-0] o.s.c.n.t.CommonsInstanceDiscovery       : Fetching instance list for apps: [API, MODULE-USER]
2019-08-03 10:27:36.259  INFO [fallback-dashboard,,,] 17936 --- [Timer-0] o.s.c.n.turbine.EurekaInstanceDiscovery  : Fetching instances for app: API
2019-08-03 10:27:36.259  INFO [fallback-dashboard,,,] 17936 --- [Timer-0] o.s.c.n.turbine.EurekaInstanceDiscovery  : Received instance list for app: API, size=1
2019-08-03 10:27:36.259  INFO [fallback-dashboard,,,] 17936 --- [Timer-0] o.s.c.n.turbine.EurekaInstanceDiscovery  : Fetching instances for app: MODULE-USER
2019-08-03 10:27:36.260  INFO [fallback-dashboard,,,] 17936 --- [Timer-0] o.s.c.n.turbine.EurekaInstanceDiscovery  : Received instance list for app: MODULE-USER, size=1
2019-08-03 10:27:36.260  INFO [fallback-dashboard,,,] 17936 --- [Timer-0] c.n.t.discovery.InstanceObservable       : Retrieved hosts from InstanceDiscovery: 2
2019-08-03 10:27:36.260  INFO [fallback-dashboard,,,] 17936 --- [Timer-0] c.n.t.discovery.InstanceObservable       : Found hosts that have been previously terminated: 0
2019-08-03 10:27:36.261  INFO [fallback-dashboard,,,] 17936 --- [Timer-0] c.n.t.discovery.InstanceObservable       : Hosts up:2, hosts down: 0
2019-08-03 10:28:36.261  INFO [fallback-dashboard,,,] 17936 --- [Timer-0] o.s.c.n.t.CommonsInstanceDiscovery       : Fetching instance list for apps: [API, MODULE-USER]
2019-08-03 10:28:36.264  INFO [fallback-dashboard,,,] 17936 --- [Timer-0] o.s.c.n.turbine.EurekaInstanceDiscovery  : Fetching instances for app: API
2019-08-03 10:28:36.264  INFO [fallback-dashboard,,,] 17936 --- [Timer-0] o.s.c.n.turbine.EurekaInstanceDiscovery  : Received instance list for app: API, size=1
2019-08-03 10:28:36.264  INFO [fallback-dashboard,,,] 17936 --- [Timer-0] o.s.c.n.turbine.EurekaInstanceDiscovery  : Fetching instances for app: MODULE-USER
2019-08-03 10:28:36.264  INFO [fallback-dashboard,,,] 17936 --- [Timer-0] o.s.c.n.turbine.EurekaInstanceDiscovery  : Received instance list for app: MODULE-USER, size=1
2019-08-03 10:28:36.265  INFO [fallback-dashboard,,,] 17936 --- [Timer-0] c.n.t.discovery.InstanceObservable       : Retrieved hosts from InstanceDiscovery: 2
2019-08-03 10:28:36.265  INFO [fallback-dashboard,,,] 17936 --- [Timer-0] c.n.t.discovery.InstanceObservable       : Found hosts that have been previously terminated: 0
2019-08-03 10:28:36.265  INFO [fallback-dashboard,,,] 17936 --- [Timer-0] c.n.t.discovery.InstanceObservable       : Hosts up:2, hosts down: 0
2019-08-03 10:29:36.261  INFO [fallback-dashboard,,,] 17936 --- [Timer-0] o.s.c.n.t.CommonsInstanceDiscovery       : Fetching instance list for apps: [API, MODULE-USER]
2019-08-03 10:29:36.261  INFO [fallback-dashboard,,,] 17936 --- [Timer-0] o.s.c.n.turbine.EurekaInstanceDiscovery  : Fetching instances for app: API
2019-08-03 10:29:36.262  INFO [fallback-dashboard,,,] 17936 --- [Timer-0] o.s.c.n.turbine.EurekaInstanceDiscovery  : Received instance list for app: API, size=1
2019-08-03 10:29:36.262  INFO [fallback-dashboard,,,] 17936 --- [Timer-0] o.s.c.n.turbine.EurekaInstanceDiscovery  : Fetching instances for app: MODULE-USER
2019-08-03 10:29:36.262  INFO [fallback-dashboard,,,] 17936 --- [Timer-0] o.s.c.n.turbine.EurekaInstanceDiscovery  : Received instance list for app: MODULE-USER, size=1
2019-08-03 10:29:36.263  INFO [fallback-dashboard,,,] 17936 --- [Timer-0] c.n.t.discovery.InstanceObservable       : Retrieved hosts from InstanceDiscovery: 2
2019-08-03 10:29:36.263  INFO [fallback-dashboard,,,] 17936 --- [Timer-0] c.n.t.discovery.InstanceObservable       : Found hosts that have been previously terminated: 0
2019-08-03 10:29:36.264  INFO [fallback-dashboard,,,] 17936 --- [Timer-0] c.n.t.discovery.InstanceObservable       : Hosts up:2, hosts down: 0
